<?xml version="1.0" encoding="UTF-8"?>
<coverage generated="1762893621943" clover="3.2.0">
  <project timestamp="1762893621943" name="All files">
    <metrics statements="262" coveredstatements="99" conditionals="225" coveredconditionals="129" methods="43" coveredmethods="17" elements="530" coveredelements="245" complexity="0" loc="262" ncloc="262" packages="1" files="7" classes="7"/>
    <file name="config.ts" path="/Users/marincapranov/Desktop/TestApps/ArmProgress/lib/config.ts">
      <metrics statements="26" coveredstatements="0" conditionals="24" coveredconditionals="0" methods="3" coveredmethods="0"/>
      <line num="11" count="0" type="stmt"/>
      <line num="12" count="0" type="cond" truecount="0" falsecount="3"/>
      <line num="13" count="0" type="cond" truecount="0" falsecount="2"/>
      <line num="14" count="0" type="stmt"/>
      <line num="16" count="0" type="stmt"/>
      <line num="20" count="0" type="stmt"/>
      <line num="21" count="0" type="cond" truecount="0" falsecount="3"/>
      <line num="27" count="0" type="stmt"/>
      <line num="35" count="0" type="stmt"/>
      <line num="44" count="0" type="stmt"/>
      <line num="54" count="0" type="stmt"/>
      <line num="64" count="0" type="stmt"/>
      <line num="74" count="0" type="stmt"/>
      <line num="75" count="0" type="stmt"/>
      <line num="77" count="0" type="cond" truecount="0" falsecount="2"/>
      <line num="78" count="0" type="stmt"/>
      <line num="81" count="0" type="cond" truecount="0" falsecount="2"/>
      <line num="82" count="0" type="stmt"/>
      <line num="85" count="0" type="cond" truecount="0" falsecount="2"/>
      <line num="86" count="0" type="stmt"/>
      <line num="89" count="0" type="cond" truecount="0" falsecount="2"/>
      <line num="90" count="0" type="stmt"/>
      <line num="91" count="0" type="stmt"/>
      <line num="92" count="0" type="stmt"/>
      <line num="97" count="0" type="cond" truecount="0" falsecount="2"/>
      <line num="98" count="0" type="stmt"/>
    </file>
    <file name="notifications.ts" path="/Users/marincapranov/Desktop/TestApps/ArmProgress/lib/notifications.ts">
      <metrics statements="35" coveredstatements="0" conditionals="13" coveredconditionals="0" methods="5" coveredmethods="0"/>
      <line num="4" count="0" type="stmt"/>
      <line num="5" count="0" type="stmt"/>
      <line num="15" count="0" type="cond" truecount="0" falsecount="2"/>
      <line num="16" count="0" type="stmt"/>
      <line num="19" count="0" type="stmt"/>
      <line num="20" count="0" type="stmt"/>
      <line num="22" count="0" type="cond" truecount="0" falsecount="2"/>
      <line num="23" count="0" type="stmt"/>
      <line num="24" count="0" type="stmt"/>
      <line num="27" count="0" type="stmt"/>
      <line num="37" count="0" type="stmt"/>
      <line num="39" count="0" type="stmt"/>
      <line num="40" count="0" type="stmt"/>
      <line num="43" count="0" type="stmt"/>
      <line num="46" count="0" type="stmt"/>
      <line num="49" count="0" type="stmt"/>
      <line num="50" count="0" type="stmt"/>
      <line num="53" count="0" type="cond" truecount="0" falsecount="2"/>
      <line num="54" count="0" type="stmt"/>
      <line num="55" count="0" type="stmt"/>
      <line num="58" count="0" type="stmt"/>
      <line num="74" count="0" type="stmt"/>
      <line num="77" count="0" type="stmt"/>
      <line num="79" count="0" type="stmt"/>
      <line num="80" count="0" type="stmt"/>
      <line num="85" count="0" type="cond" truecount="0" falsecount="2"/>
      <line num="86" count="0" type="stmt"/>
      <line num="89" count="0" type="stmt"/>
      <line num="90" count="0" type="stmt"/>
      <line num="92" count="0" type="stmt"/>
      <line num="97" count="0" type="cond" truecount="0" falsecount="2"/>
      <line num="98" count="0" type="stmt"/>
      <line num="101" count="0" type="stmt"/>
      <line num="102" count="0" type="stmt"/>
      <line num="104" count="0" type="stmt"/>
    </file>
    <file name="revenueCat.ts" path="/Users/marincapranov/Desktop/TestApps/ArmProgress/lib/revenueCat.ts">
      <metrics statements="59" coveredstatements="0" conditionals="18" coveredconditionals="0" methods="9" coveredmethods="0"/>
      <line num="10" count="0" type="stmt"/>
      <line num="16" count="0" type="stmt"/>
      <line num="19" count="0" type="stmt"/>
      <line num="27" count="0" type="stmt"/>
      <line num="28" count="0" type="stmt"/>
      <line num="29" count="0" type="cond" truecount="0" falsecount="2"/>
      <line num="33" count="0" type="cond" truecount="0" falsecount="2"/>
      <line num="34" count="0" type="stmt"/>
      <line num="35" count="0" type="stmt"/>
      <line num="39" count="0" type="stmt"/>
      <line num="42" count="0" type="stmt"/>
      <line num="47" count="0" type="cond" truecount="0" falsecount="2"/>
      <line num="48" count="0" type="stmt"/>
      <line num="51" count="0" type="stmt"/>
      <line num="53" count="0" type="stmt"/>
      <line num="60" count="0" type="stmt"/>
      <line num="64" count="0" type="stmt"/>
      <line num="65" count="0" type="stmt"/>
      <line num="66" count="0" type="stmt"/>
      <line num="68" count="0" type="stmt"/>
      <line num="70" count="0" type="stmt"/>
      <line num="71" count="0" type="stmt"/>
      <line num="78" count="0" type="stmt"/>
      <line num="79" count="0" type="stmt"/>
      <line num="80" count="0" type="stmt"/>
      <line num="81" count="0" type="stmt"/>
      <line num="83" count="0" type="stmt"/>
      <line num="84" count="0" type="stmt"/>
      <line num="91" count="0" type="stmt"/>
      <line num="98" count="0" type="stmt"/>
      <line num="99" count="0" type="stmt"/>
      <line num="101" count="0" type="stmt"/>
      <line num="103" count="0" type="stmt"/>
      <line num="108" count="0" type="stmt"/>
      <line num="111" count="0" type="cond" truecount="0" falsecount="2"/>
      <line num="112" count="0" type="stmt"/>
      <line num="118" count="0" type="stmt"/>
      <line num="128" count="0" type="stmt"/>
      <line num="133" count="0" type="stmt"/>
      <line num="134" count="0" type="stmt"/>
      <line num="135" count="0" type="stmt"/>
      <line num="137" count="0" type="stmt"/>
      <line num="142" count="0" type="stmt"/>
      <line num="143" count="0" type="stmt"/>
      <line num="154" count="0" type="stmt"/>
      <line num="155" count="0" type="stmt"/>
      <line num="156" count="0" type="stmt"/>
      <line num="158" count="0" type="stmt"/>
      <line num="165" count="0" type="stmt"/>
      <line num="166" count="0" type="stmt"/>
      <line num="167" count="0" type="stmt"/>
      <line num="169" count="0" type="stmt"/>
      <line num="176" count="0" type="stmt"/>
      <line num="177" count="0" type="stmt"/>
      <line num="178" count="0" type="stmt"/>
      <line num="184" count="0" type="stmt"/>
      <line num="185" count="0" type="cond" truecount="0" falsecount="2"/>
      <line num="186" count="0" type="stmt"/>
      <line num="188" count="0" type="stmt"/>
    </file>
    <file name="supabase.ts" path="/Users/marincapranov/Desktop/TestApps/ArmProgress/lib/supabase.ts">
      <metrics statements="5" coveredstatements="0" conditionals="8" coveredconditionals="0" methods="0" coveredmethods="0"/>
      <line num="20" count="0" type="cond" truecount="0" falsecount="2"/>
      <line num="21" count="0" type="cond" truecount="0" falsecount="2"/>
      <line num="24" count="0" type="cond" truecount="0" falsecount="4"/>
      <line num="25" count="0" type="stmt"/>
      <line num="40" count="0" type="stmt"/>
    </file>
    <file name="useResponsive.ts" path="/Users/marincapranov/Desktop/TestApps/ArmProgress/lib/useResponsive.ts">
      <metrics statements="14" coveredstatements="0" conditionals="8" coveredconditionals="0" methods="9" coveredmethods="0"/>
      <line num="15" count="0" type="stmt"/>
      <line num="18" count="0" type="cond" truecount="0" falsecount="2"/>
      <line num="22" count="0" type="cond" truecount="0" falsecount="2"/>
      <line num="26" count="0" type="stmt"/>
      <line num="28" count="0" type="stmt"/>
      <line num="29" count="0" type="stmt"/>
      <line num="30" count="0" type="stmt"/>
      <line num="33" count="0" type="stmt"/>
      <line num="36" count="0" type="stmt"/>
      <line num="37" count="0" type="stmt"/>
      <line num="39" count="0" type="stmt"/>
      <line num="51" count="0" type="cond" truecount="0" falsecount="2"/>
      <line num="56" count="0" type="cond" truecount="0" falsecount="2"/>
      <line num="57" count="0" type="stmt"/>
    </file>
    <file name="validation.ts" path="/Users/marincapranov/Desktop/TestApps/ArmProgress/lib/validation.ts">
      <metrics statements="103" coveredstatements="80" conditionals="139" coveredconditionals="115" methods="9" coveredmethods="9"/>
      <line num="30" count="18" type="stmt"/>
      <line num="33" count="18" type="stmt"/>
      <line num="42" count="18" type="cond" truecount="4" falsecount="0"/>
      <line num="43" count="3" type="stmt"/>
      <line num="44" count="15" type="cond" truecount="1" falsecount="1"/>
      <line num="45" count="0" type="stmt"/>
      <line num="46" count="15" type="cond" truecount="2" falsecount="0"/>
      <line num="47" count="1" type="stmt"/>
      <line num="51" count="18" type="cond" truecount="3" falsecount="1"/>
      <line num="52" count="0" type="stmt"/>
      <line num="53" count="18" type="cond" truecount="2" falsecount="0"/>
      <line num="54" count="3" type="stmt"/>
      <line num="55" count="15" type="cond" truecount="2" falsecount="0"/>
      <line num="56" count="1" type="stmt"/>
      <line num="60" count="18" type="cond" truecount="3" falsecount="1"/>
      <line num="61" count="0" type="stmt"/>
      <line num="62" count="18" type="cond" truecount="4" falsecount="0"/>
      <line num="63" count="4" type="stmt"/>
      <line num="67" count="18" type="cond" truecount="4" falsecount="0"/>
      <line num="68" count="1" type="stmt"/>
      <line num="71" count="18" type="stmt"/>
      <line num="89" count="7" type="stmt"/>
      <line num="92" count="7" type="cond" truecount="4" falsecount="0"/>
      <line num="93" count="1" type="stmt"/>
      <line num="94" count="6" type="cond" truecount="1" falsecount="1"/>
      <line num="95" count="0" type="stmt"/>
      <line num="99" count="7" type="cond" truecount="3" falsecount="1"/>
      <line num="100" count="0" type="stmt"/>
      <line num="101" count="7" type="cond" truecount="4" falsecount="0"/>
      <line num="102" count="2" type="stmt"/>
      <line num="106" count="7" type="cond" truecount="3" falsecount="1"/>
      <line num="107" count="0" type="stmt"/>
      <line num="108" count="7" type="cond" truecount="3" falsecount="1"/>
      <line num="109" count="0" type="stmt"/>
      <line num="113" count="7" type="cond" truecount="3" falsecount="1"/>
      <line num="114" count="0" type="stmt"/>
      <line num="115" count="7" type="cond" truecount="4" falsecount="0"/>
      <line num="116" count="2" type="stmt"/>
      <line num="120" count="7" type="cond" truecount="2" falsecount="2"/>
      <line num="121" count="0" type="stmt"/>
      <line num="124" count="7" type="stmt"/>
      <line num="142" count="10" type="stmt"/>
      <line num="145" count="10" type="cond" truecount="3" falsecount="1"/>
      <line num="146" count="0" type="stmt"/>
      <line num="147" count="10" type="cond" truecount="1" falsecount="1"/>
      <line num="148" count="0" type="stmt"/>
      <line num="152" count="10" type="stmt"/>
      <line num="161" count="10" type="cond" truecount="4" falsecount="0"/>
      <line num="162" count="1" type="stmt"/>
      <line num="166" count="10" type="stmt"/>
      <line num="167" count="10" type="stmt"/>
      <line num="169" count="10" type="cond" truecount="2" falsecount="0"/>
      <line num="170" count="1" type="stmt"/>
      <line num="173" count="10" type="cond" truecount="1" falsecount="1"/>
      <line num="174" count="0" type="stmt"/>
      <line num="177" count="10" type="cond" truecount="2" falsecount="0"/>
      <line num="178" count="1" type="stmt"/>
      <line num="182" count="10" type="cond" truecount="3" falsecount="1"/>
      <line num="183" count="0" type="stmt"/>
      <line num="186" count="10" type="stmt"/>
      <line num="204" count="5" type="stmt"/>
      <line num="207" count="5" type="cond" truecount="3" falsecount="1"/>
      <line num="208" count="0" type="stmt"/>
      <line num="209" count="5" type="cond" truecount="1" falsecount="1"/>
      <line num="210" count="0" type="stmt"/>
      <line num="214" count="5" type="cond" truecount="3" falsecount="1"/>
      <line num="215" count="0" type="stmt"/>
      <line num="216" count="5" type="cond" truecount="4" falsecount="0"/>
      <line num="217" count="2" type="stmt"/>
      <line num="221" count="5" type="cond" truecount="3" falsecount="1"/>
      <line num="222" count="0" type="stmt"/>
      <line num="223" count="5" type="cond" truecount="3" falsecount="1"/>
      <line num="224" count="0" type="stmt"/>
      <line num="228" count="5" type="cond" truecount="2" falsecount="0"/>
      <line num="229" count="2" type="stmt"/>
      <line num="230" count="2" type="cond" truecount="2" falsecount="0"/>
      <line num="231" count="1" type="stmt"/>
      <line num="236" count="5" type="cond" truecount="3" falsecount="1"/>
      <line num="237" count="0" type="stmt"/>
      <line num="240" count="5" type="stmt"/>
      <line num="257" count="11" type="stmt"/>
      <line num="260" count="11" type="stmt"/>
      <line num="270" count="11" type="cond" truecount="4" falsecount="0"/>
      <line num="271" count="1" type="stmt"/>
      <line num="275" count="11" type="cond" truecount="3" falsecount="1"/>
      <line num="276" count="0" type="stmt"/>
      <line num="277" count="11" type="cond" truecount="3" falsecount="1"/>
      <line num="278" count="0" type="stmt"/>
      <line num="282" count="11" type="cond" truecount="4" falsecount="1"/>
      <line num="283" count="0" type="stmt"/>
      <line num="287" count="11" type="cond" truecount="3" falsecount="1"/>
      <line num="288" count="0" type="stmt"/>
      <line num="291" count="11" type="stmt"/>
      <line num="306" count="8" type="stmt"/>
      <line num="309" count="8" type="stmt"/>
      <line num="310" count="8" type="cond" truecount="2" falsecount="0"/>
      <line num="311" count="1" type="stmt"/>
      <line num="318" count="8" type="stmt"/>
      <line num="326" count="8" type="cond" truecount="2" falsecount="0"/>
      <line num="327" count="1" type="stmt"/>
      <line num="333" count="8" type="stmt"/>
      <line num="343" count="2" type="cond" truecount="2" falsecount="0"/>
      <line num="350" count="3" type="stmt"/>
    </file>
    <file name="weightUtils.ts" path="/Users/marincapranov/Desktop/TestApps/ArmProgress/lib/weightUtils.ts">
      <metrics statements="20" coveredstatements="19" conditionals="15" coveredconditionals="14" methods="8" coveredmethods="8"/>
      <line num="13" count="1" type="stmt"/>
      <line num="14" count="14" type="stmt"/>
      <line num="22" count="1" type="stmt"/>
      <line num="23" count="14" type="stmt"/>
      <line num="34" count="23" type="cond" truecount="2" falsecount="0"/>
      <line num="36" count="15" type="cond" truecount="4" falsecount="0"/>
      <line num="37" count="8" type="stmt"/>
      <line num="38" count="7" type="cond" truecount="3" falsecount="1"/>
      <line num="39" count="7" type="stmt"/>
      <line num="42" count="0" type="stmt"/>
      <line num="52" count="1" type="cond" truecount="1" falsecount="0"/>
      <line num="53" count="8" type="stmt"/>
      <line num="62" count="1" type="stmt"/>
      <line num="63" count="6" type="stmt"/>
      <line num="72" count="1" type="stmt"/>
      <line num="73" count="6" type="stmt"/>
      <line num="84" count="5" type="cond" truecount="2" falsecount="0"/>
      <line num="85" count="2" type="stmt"/>
      <line num="87" count="3" type="stmt"/>
      <line num="96" count="2" type="cond" truecount="2" falsecount="0"/>
    </file>
  </project>
</coverage>
