{"/Users/marincapranov/Desktop/TestApps/ArmProgress/lib/config.ts": {"path":"/Users/marincapranov/Desktop/TestApps/ArmProgress/lib/config.ts","statementMap":{"0":{"start":{"line":11,"column":18},"end":{"line":17,"column":1}},"1":{"start":{"line":12,"column":16},"end":{"line":12,"column":82}},"2":{"start":{"line":13,"column":2},"end":{"line":15,"column":3}},"3":{"start":{"line":14,"column":4},"end":{"line":14,"column":69}},"4":{"start":{"line":16,"column":2},"end":{"line":16,"column":15}},"5":{"start":{"line":20,"column":26},"end":{"line":22,"column":1}},"6":{"start":{"line":21,"column":2},"end":{"line":21,"column":76}},"7":{"start":{"line":27,"column":31},"end":{"line":30,"column":10}},"8":{"start":{"line":35,"column":33},"end":{"line":39,"column":10}},"9":{"start":{"line":44,"column":29},"end":{"line":49,"column":10}},"10":{"start":{"line":54,"column":26},"end":{"line":58,"column":10}},"11":{"start":{"line":64,"column":24},"end":{"line":68,"column":10}},"12":{"start":{"line":74,"column":30},"end":{"line":94,"column":1}},"13":{"start":{"line":75,"column":27},"end":{"line":75,"column":29}},"14":{"start":{"line":77,"column":2},"end":{"line":79,"column":3}},"15":{"start":{"line":78,"column":4},"end":{"line":78,"column":56}},"16":{"start":{"line":81,"column":2},"end":{"line":83,"column":3}},"17":{"start":{"line":82,"column":4},"end":{"line":82,"column":61}},"18":{"start":{"line":85,"column":2},"end":{"line":87,"column":3}},"19":{"start":{"line":86,"column":4},"end":{"line":86,"column":78}},"20":{"start":{"line":89,"column":2},"end":{"line":93,"column":3}},"21":{"start":{"line":90,"column":4},"end":{"line":90,"column":58}},"22":{"start":{"line":91,"column":4},"end":{"line":91,"column":56}},"23":{"start":{"line":92,"column":4},"end":{"line":92,"column":39}},"24":{"start":{"line":97,"column":0},"end":{"line":99,"column":1}},"25":{"start":{"line":98,"column":2},"end":{"line":98,"column":19}}},"fnMap":{"0":{"name":"(anonymous_0)","decl":{"start":{"line":11,"column":18},"end":{"line":11,"column":19}},"loc":{"start":{"line":11,"column":62},"end":{"line":17,"column":1}},"line":11},"1":{"name":"(anonymous_1)","decl":{"start":{"line":20,"column":26},"end":{"line":20,"column":27}},"loc":{"start":{"line":20,"column":82},"end":{"line":22,"column":1}},"line":20},"2":{"name":"(anonymous_2)","decl":{"start":{"line":74,"column":30},"end":{"line":74,"column":31}},"loc":{"start":{"line":74,"column":36},"end":{"line":94,"column":1}},"line":74}},"branchMap":{"0":{"loc":{"start":{"line":12,"column":16},"end":{"line":12,"column":82}},"type":"binary-expr","locations":[{"start":{"line":12,"column":16},"end":{"line":12,"column":50}},{"start":{"line":12,"column":54},"end":{"line":12,"column":70}},{"start":{"line":12,"column":74},"end":{"line":12,"column":82}}],"line":12},"1":{"loc":{"start":{"line":13,"column":2},"end":{"line":15,"column":3}},"type":"if","locations":[{"start":{"line":13,"column":2},"end":{"line":15,"column":3}},{"start":{},"end":{}}],"line":13},"2":{"loc":{"start":{"line":21,"column":9},"end":{"line":21,"column":75}},"type":"binary-expr","locations":[{"start":{"line":21,"column":9},"end":{"line":21,"column":43}},{"start":{"line":21,"column":47},"end":{"line":21,"column":63}},{"start":{"line":21,"column":67},"end":{"line":21,"column":75}}],"line":21},"3":{"loc":{"start":{"line":57,"column":52},"end":{"line":57,"column":90}},"type":"cond-expr","locations":[{"start":{"line":57,"column":62},"end":{"line":57,"column":75}},{"start":{"line":57,"column":78},"end":{"line":57,"column":90}}],"line":57},"4":{"loc":{"start":{"line":65,"column":20},"end":{"line":65,"column":80}},"type":"binary-expr","locations":[{"start":{"line":65,"column":20},"end":{"line":65,"column":46}},{"start":{"line":65,"column":50},"end":{"line":65,"column":80}}],"line":65},"5":{"loc":{"start":{"line":67,"column":19},"end":{"line":67,"column":70}},"type":"binary-expr","locations":[{"start":{"line":67,"column":19},"end":{"line":67,"column":26}},{"start":{"line":67,"column":30},"end":{"line":67,"column":70}}],"line":67},"6":{"loc":{"start":{"line":77,"column":2},"end":{"line":79,"column":3}},"type":"if","locations":[{"start":{"line":77,"column":2},"end":{"line":79,"column":3}},{"start":{},"end":{}}],"line":77},"7":{"loc":{"start":{"line":81,"column":2},"end":{"line":83,"column":3}},"type":"if","locations":[{"start":{"line":81,"column":2},"end":{"line":83,"column":3}},{"start":{},"end":{}}],"line":81},"8":{"loc":{"start":{"line":85,"column":2},"end":{"line":87,"column":3}},"type":"if","locations":[{"start":{"line":85,"column":2},"end":{"line":87,"column":3}},{"start":{},"end":{}}],"line":85},"9":{"loc":{"start":{"line":89,"column":2},"end":{"line":93,"column":3}},"type":"if","locations":[{"start":{"line":89,"column":2},"end":{"line":93,"column":3}},{"start":{},"end":{}}],"line":89},"10":{"loc":{"start":{"line":97,"column":0},"end":{"line":99,"column":1}},"type":"if","locations":[{"start":{"line":97,"column":0},"end":{"line":99,"column":1}},{"start":{},"end":{}}],"line":97}},"s":{"0":0,"1":0,"2":0,"3":0,"4":0,"5":0,"6":0,"7":0,"8":0,"9":0,"10":0,"11":0,"12":0,"13":0,"14":0,"15":0,"16":0,"17":0,"18":0,"19":0,"20":0,"21":0,"22":0,"23":0,"24":0,"25":0},"f":{"0":0,"1":0,"2":0},"b":{"0":[0,0,0],"1":[0,0],"2":[0,0,0],"3":[0,0],"4":[0,0],"5":[0,0],"6":[0,0],"7":[0,0],"8":[0,0],"9":[0,0],"10":[0,0]}}
,"/Users/marincapranov/Desktop/TestApps/ArmProgress/lib/notifications.ts": {"path":"/Users/marincapranov/Desktop/TestApps/ArmProgress/lib/notifications.ts","statementMap":{"0":{"start":{"line":4,"column":0},"end":{"line":12,"column":3}},"1":{"start":{"line":5,"column":35},"end":{"line":11,"column":3}},"2":{"start":{"line":15,"column":2},"end":{"line":17,"column":3}},"3":{"start":{"line":16,"column":4},"end":{"line":16,"column":30}},"4":{"start":{"line":19,"column":37},"end":{"line":19,"column":78}},"5":{"start":{"line":20,"column":20},"end":{"line":20,"column":34}},"6":{"start":{"line":22,"column":2},"end":{"line":25,"column":3}},"7":{"start":{"line":23,"column":23},"end":{"line":23,"column":68}},"8":{"start":{"line":24,"column":4},"end":{"line":24,"column":25}},"9":{"start":{"line":27,"column":2},"end":{"line":27,"column":48}},"10":{"start":{"line":37,"column":2},"end":{"line":81,"column":3}},"11":{"start":{"line":39,"column":31},"end":{"line":39,"column":58}},"12":{"start":{"line":40,"column":29},"end":{"line":40,"column":56}},"13":{"start":{"line":43,"column":26},"end":{"line":43,"column":78}},"14":{"start":{"line":46,"column":29},"end":{"line":46,"column":90}},"15":{"start":{"line":49,"column":16},"end":{"line":49,"column":26}},"16":{"start":{"line":50,"column":37},"end":{"line":50,"column":100}},"17":{"start":{"line":53,"column":4},"end":{"line":56,"column":5}},"18":{"start":{"line":54,"column":6},"end":{"line":54,"column":58}},"19":{"start":{"line":55,"column":6},"end":{"line":55,"column":18}},"20":{"start":{"line":58,"column":27},"end":{"line":72,"column":6}},"21":{"start":{"line":74,"column":4},"end":{"line":76,"column":6}},"22":{"start":{"line":77,"column":4},"end":{"line":77,"column":26}},"23":{"start":{"line":79,"column":4},"end":{"line":79,"column":59}},"24":{"start":{"line":80,"column":4},"end":{"line":80,"column":16}},"25":{"start":{"line":85,"column":2},"end":{"line":87,"column":3}},"26":{"start":{"line":86,"column":4},"end":{"line":86,"column":11}},"27":{"start":{"line":89,"column":2},"end":{"line":93,"column":3}},"28":{"start":{"line":90,"column":4},"end":{"line":90,"column":73}},"29":{"start":{"line":92,"column":4},"end":{"line":92,"column":58}},"30":{"start":{"line":97,"column":2},"end":{"line":99,"column":3}},"31":{"start":{"line":98,"column":4},"end":{"line":98,"column":11}},"32":{"start":{"line":101,"column":2},"end":{"line":105,"column":3}},"33":{"start":{"line":102,"column":4},"end":{"line":102,"column":63}},"34":{"start":{"line":104,"column":4},"end":{"line":104,"column":63}}},"fnMap":{"0":{"name":"(anonymous_0)","decl":{"start":{"line":5,"column":22},"end":{"line":5,"column":23}},"loc":{"start":{"line":5,"column":35},"end":{"line":11,"column":3}},"line":5},"1":{"name":"requestNotificationPermissions","decl":{"start":{"line":14,"column":22},"end":{"line":14,"column":52}},"loc":{"start":{"line":14,"column":55},"end":{"line":28,"column":1}},"line":14},"2":{"name":"scheduleTrainingNotification","decl":{"start":{"line":30,"column":22},"end":{"line":30,"column":50}},"loc":{"start":{"line":36,"column":26},"end":{"line":82,"column":1}},"line":36},"3":{"name":"cancelNotification","decl":{"start":{"line":84,"column":22},"end":{"line":84,"column":40}},"loc":{"start":{"line":84,"column":65},"end":{"line":94,"column":1}},"line":84},"4":{"name":"cancelAllTrainingNotifications","decl":{"start":{"line":96,"column":22},"end":{"line":96,"column":52}},"loc":{"start":{"line":96,"column":55},"end":{"line":106,"column":1}},"line":96}},"branchMap":{"0":{"loc":{"start":{"line":15,"column":2},"end":{"line":17,"column":3}},"type":"if","locations":[{"start":{"line":15,"column":2},"end":{"line":17,"column":3}},{"start":{},"end":{}}],"line":15},"1":{"loc":{"start":{"line":22,"column":2},"end":{"line":25,"column":3}},"type":"if","locations":[{"start":{"line":22,"column":2},"end":{"line":25,"column":3}},{"start":{},"end":{}}],"line":22},"2":{"loc":{"start":{"line":35,"column":2},"end":{"line":35,"column":28}},"type":"default-arg","locations":[{"start":{"line":35,"column":26},"end":{"line":35,"column":28}}],"line":35},"3":{"loc":{"start":{"line":53,"column":4},"end":{"line":56,"column":5}},"type":"if","locations":[{"start":{"line":53,"column":4},"end":{"line":56,"column":5}},{"start":{},"end":{}}],"line":53},"4":{"loc":{"start":{"line":62,"column":10},"end":{"line":62,"column":40}},"type":"cond-expr","locations":[{"start":{"line":62,"column":32},"end":{"line":62,"column":35}},{"start":{"line":62,"column":38},"end":{"line":62,"column":40}}],"line":62},"5":{"loc":{"start":{"line":85,"column":2},"end":{"line":87,"column":3}},"type":"if","locations":[{"start":{"line":85,"column":2},"end":{"line":87,"column":3}},{"start":{},"end":{}}],"line":85},"6":{"loc":{"start":{"line":97,"column":2},"end":{"line":99,"column":3}},"type":"if","locations":[{"start":{"line":97,"column":2},"end":{"line":99,"column":3}},{"start":{},"end":{}}],"line":97}},"s":{"0":0,"1":0,"2":0,"3":0,"4":0,"5":0,"6":0,"7":0,"8":0,"9":0,"10":0,"11":0,"12":0,"13":0,"14":0,"15":0,"16":0,"17":0,"18":0,"19":0,"20":0,"21":0,"22":0,"23":0,"24":0,"25":0,"26":0,"27":0,"28":0,"29":0,"30":0,"31":0,"32":0,"33":0,"34":0},"f":{"0":0,"1":0,"2":0,"3":0,"4":0},"b":{"0":[0,0],"1":[0,0],"2":[0],"3":[0,0],"4":[0,0],"5":[0,0],"6":[0,0]}}
,"/Users/marincapranov/Desktop/TestApps/ArmProgress/lib/revenueCat.ts": {"path":"/Users/marincapranov/Desktop/TestApps/ArmProgress/lib/revenueCat.ts","statementMap":{"0":{"start":{"line":10,"column":27},"end":{"line":13,"column":1}},"1":{"start":{"line":16,"column":38},"end":{"line":16,"column":47}},"2":{"start":{"line":19,"column":27},"end":{"line":21,"column":1}},"3":{"start":{"line":27,"column":36},"end":{"line":55,"column":1}},"4":{"start":{"line":28,"column":2},"end":{"line":54,"column":3}},"5":{"start":{"line":29,"column":19},"end":{"line":31,"column":34}},"6":{"start":{"line":33,"column":4},"end":{"line":36,"column":5}},"7":{"start":{"line":34,"column":6},"end":{"line":34,"column":77}},"8":{"start":{"line":35,"column":6},"end":{"line":35,"column":13}},"9":{"start":{"line":39,"column":4},"end":{"line":39,"column":43}},"10":{"start":{"line":42,"column":4},"end":{"line":44,"column":7}},"11":{"start":{"line":47,"column":4},"end":{"line":49,"column":5}},"12":{"start":{"line":48,"column":6},"end":{"line":48,"column":36}},"13":{"start":{"line":51,"column":4},"end":{"line":51,"column":55}},"14":{"start":{"line":53,"column":4},"end":{"line":53,"column":61}},"15":{"start":{"line":60,"column":31},"end":{"line":73,"column":1}},"16":{"start":{"line":64,"column":2},"end":{"line":72,"column":3}},"17":{"start":{"line":65,"column":25},"end":{"line":65,"column":58}},"18":{"start":{"line":66,"column":22},"end":{"line":66,"column":92}},"19":{"start":{"line":68,"column":4},"end":{"line":68,"column":39}},"20":{"start":{"line":70,"column":4},"end":{"line":70,"column":57}},"21":{"start":{"line":71,"column":4},"end":{"line":71,"column":52}},"22":{"start":{"line":78,"column":28},"end":{"line":86,"column":1}},"23":{"start":{"line":79,"column":2},"end":{"line":85,"column":3}},"24":{"start":{"line":80,"column":22},"end":{"line":80,"column":52}},"25":{"start":{"line":81,"column":4},"end":{"line":81,"column":29}},"26":{"start":{"line":83,"column":4},"end":{"line":83,"column":53}},"27":{"start":{"line":84,"column":4},"end":{"line":84,"column":16}},"28":{"start":{"line":91,"column":31},"end":{"line":123,"column":1}},"29":{"start":{"line":98,"column":2},"end":{"line":122,"column":3}},"30":{"start":{"line":99,"column":29},"end":{"line":99,"column":79}},"31":{"start":{"line":101,"column":22},"end":{"line":101,"column":92}},"32":{"start":{"line":103,"column":4},"end":{"line":106,"column":6}},"33":{"start":{"line":108,"column":4},"end":{"line":108,"column":54}},"34":{"start":{"line":111,"column":4},"end":{"line":116,"column":5}},"35":{"start":{"line":112,"column":6},"end":{"line":115,"column":8}},"36":{"start":{"line":118,"column":4},"end":{"line":121,"column":6}},"37":{"start":{"line":128,"column":32},"end":{"line":149,"column":1}},"38":{"start":{"line":133,"column":2},"end":{"line":148,"column":3}},"39":{"start":{"line":134,"column":25},"end":{"line":134,"column":59}},"40":{"start":{"line":135,"column":22},"end":{"line":135,"column":92}},"41":{"start":{"line":137,"column":4},"end":{"line":140,"column":6}},"42":{"start":{"line":142,"column":4},"end":{"line":142,"column":55}},"43":{"start":{"line":143,"column":4},"end":{"line":147,"column":6}},"44":{"start":{"line":154,"column":31},"end":{"line":160,"column":1}},"45":{"start":{"line":155,"column":2},"end":{"line":159,"column":3}},"46":{"start":{"line":156,"column":4},"end":{"line":156,"column":34}},"47":{"start":{"line":158,"column":4},"end":{"line":158,"column":60}},"48":{"start":{"line":165,"column":32},"end":{"line":171,"column":1}},"49":{"start":{"line":166,"column":2},"end":{"line":170,"column":3}},"50":{"start":{"line":167,"column":4},"end":{"line":167,"column":29}},"51":{"start":{"line":169,"column":4},"end":{"line":169,"column":63}},"52":{"start":{"line":176,"column":34},"end":{"line":179,"column":1}},"53":{"start":{"line":177,"column":24},"end":{"line":177,"column":47}},"54":{"start":{"line":178,"column":2},"end":{"line":178,"column":19}},"55":{"start":{"line":184,"column":40},"end":{"line":190,"column":1}},"56":{"start":{"line":185,"column":2},"end":{"line":189,"column":3}},"57":{"start":{"line":186,"column":4},"end":{"line":186,"column":58}},"58":{"start":{"line":188,"column":4},"end":{"line":188,"column":65}}},"fnMap":{"0":{"name":"(anonymous_0)","decl":{"start":{"line":27,"column":36},"end":{"line":27,"column":37}},"loc":{"start":{"line":27,"column":63},"end":{"line":55,"column":1}},"line":27},"1":{"name":"(anonymous_1)","decl":{"start":{"line":60,"column":31},"end":{"line":60,"column":32}},"loc":{"start":{"line":63,"column":6},"end":{"line":73,"column":1}},"line":63},"2":{"name":"(anonymous_2)","decl":{"start":{"line":78,"column":28},"end":{"line":78,"column":29}},"loc":{"start":{"line":78,"column":75},"end":{"line":86,"column":1}},"line":78},"3":{"name":"(anonymous_3)","decl":{"start":{"line":91,"column":31},"end":{"line":91,"column":32}},"loc":{"start":{"line":97,"column":6},"end":{"line":123,"column":1}},"line":97},"4":{"name":"(anonymous_4)","decl":{"start":{"line":128,"column":32},"end":{"line":128,"column":33}},"loc":{"start":{"line":132,"column":6},"end":{"line":149,"column":1}},"line":132},"5":{"name":"(anonymous_5)","decl":{"start":{"line":154,"column":31},"end":{"line":154,"column":32}},"loc":{"start":{"line":154,"column":57},"end":{"line":160,"column":1}},"line":154},"6":{"name":"(anonymous_6)","decl":{"start":{"line":165,"column":32},"end":{"line":165,"column":33}},"loc":{"start":{"line":165,"column":44},"end":{"line":171,"column":1}},"line":165},"7":{"name":"(anonymous_7)","decl":{"start":{"line":176,"column":34},"end":{"line":176,"column":35}},"loc":{"start":{"line":176,"column":64},"end":{"line":179,"column":1}},"line":176},"8":{"name":"(anonymous_8)","decl":{"start":{"line":184,"column":40},"end":{"line":184,"column":41}},"loc":{"start":{"line":184,"column":46},"end":{"line":190,"column":1}},"line":184}},"branchMap":{"0":{"loc":{"start":{"line":11,"column":7},"end":{"line":11,"column":55}},"type":"binary-expr","locations":[{"start":{"line":11,"column":7},"end":{"line":11,"column":49}},{"start":{"line":11,"column":53},"end":{"line":11,"column":55}}],"line":11},"1":{"loc":{"start":{"line":12,"column":11},"end":{"line":12,"column":63}},"type":"binary-expr","locations":[{"start":{"line":12,"column":11},"end":{"line":12,"column":57}},{"start":{"line":12,"column":61},"end":{"line":12,"column":63}}],"line":12},"2":{"loc":{"start":{"line":29,"column":19},"end":{"line":31,"column":34}},"type":"cond-expr","locations":[{"start":{"line":30,"column":8},"end":{"line":30,"column":30}},{"start":{"line":31,"column":8},"end":{"line":31,"column":34}}],"line":29},"3":{"loc":{"start":{"line":33,"column":4},"end":{"line":36,"column":5}},"type":"if","locations":[{"start":{"line":33,"column":4},"end":{"line":36,"column":5}},{"start":{},"end":{}}],"line":33},"4":{"loc":{"start":{"line":47,"column":4},"end":{"line":49,"column":5}},"type":"if","locations":[{"start":{"line":47,"column":4},"end":{"line":49,"column":5}},{"start":{},"end":{}}],"line":47},"5":{"loc":{"start":{"line":111,"column":4},"end":{"line":116,"column":5}},"type":"if","locations":[{"start":{"line":111,"column":4},"end":{"line":116,"column":5}},{"start":{},"end":{}}],"line":111},"6":{"loc":{"start":{"line":120,"column":13},"end":{"line":120,"column":47}},"type":"binary-expr","locations":[{"start":{"line":120,"column":13},"end":{"line":120,"column":26}},{"start":{"line":120,"column":30},"end":{"line":120,"column":47}}],"line":120},"7":{"loc":{"start":{"line":146,"column":13},"end":{"line":146,"column":59}},"type":"binary-expr","locations":[{"start":{"line":146,"column":13},"end":{"line":146,"column":26}},{"start":{"line":146,"column":30},"end":{"line":146,"column":59}}],"line":146},"8":{"loc":{"start":{"line":185,"column":2},"end":{"line":189,"column":3}},"type":"if","locations":[{"start":{"line":185,"column":2},"end":{"line":189,"column":3}},{"start":{"line":187,"column":9},"end":{"line":189,"column":3}}],"line":185}},"s":{"0":0,"1":0,"2":0,"3":0,"4":0,"5":0,"6":0,"7":0,"8":0,"9":0,"10":0,"11":0,"12":0,"13":0,"14":0,"15":0,"16":0,"17":0,"18":0,"19":0,"20":0,"21":0,"22":0,"23":0,"24":0,"25":0,"26":0,"27":0,"28":0,"29":0,"30":0,"31":0,"32":0,"33":0,"34":0,"35":0,"36":0,"37":0,"38":0,"39":0,"40":0,"41":0,"42":0,"43":0,"44":0,"45":0,"46":0,"47":0,"48":0,"49":0,"50":0,"51":0,"52":0,"53":0,"54":0,"55":0,"56":0,"57":0,"58":0},"f":{"0":0,"1":0,"2":0,"3":0,"4":0,"5":0,"6":0,"7":0,"8":0},"b":{"0":[0,0],"1":[0,0],"2":[0,0],"3":[0,0],"4":[0,0],"5":[0,0],"6":[0,0],"7":[0,0],"8":[0,0]}}
,"/Users/marincapranov/Desktop/TestApps/ArmProgress/lib/supabase.ts": {"path":"/Users/marincapranov/Desktop/TestApps/ArmProgress/lib/supabase.ts","statementMap":{"0":{"start":{"line":20,"column":20},"end":{"line":20,"column":100}},"1":{"start":{"line":21,"column":24},"end":{"line":21,"column":113}},"2":{"start":{"line":24,"column":0},"end":{"line":26,"column":1}},"3":{"start":{"line":25,"column":2},"end":{"line":25,"column":60}},"4":{"start":{"line":40,"column":24},"end":{"line":53,"column":1}}},"fnMap":{},"branchMap":{"0":{"loc":{"start":{"line":20,"column":20},"end":{"line":20,"column":100}},"type":"binary-expr","locations":[{"start":{"line":20,"column":20},"end":{"line":20,"column":60}},{"start":{"line":20,"column":64},"end":{"line":20,"column":100}}],"line":20},"1":{"loc":{"start":{"line":21,"column":24},"end":{"line":21,"column":113}},"type":"binary-expr","locations":[{"start":{"line":21,"column":24},"end":{"line":21,"column":68}},{"start":{"line":21,"column":72},"end":{"line":21,"column":113}}],"line":21},"2":{"loc":{"start":{"line":24,"column":0},"end":{"line":26,"column":1}},"type":"if","locations":[{"start":{"line":24,"column":0},"end":{"line":26,"column":1}},{"start":{},"end":{}}],"line":24},"3":{"loc":{"start":{"line":24,"column":4},"end":{"line":24,"column":36}},"type":"binary-expr","locations":[{"start":{"line":24,"column":4},"end":{"line":24,"column":16}},{"start":{"line":24,"column":20},"end":{"line":24,"column":36}}],"line":24}},"s":{"0":0,"1":0,"2":0,"3":0,"4":0},"f":{},"b":{"0":[0,0],"1":[0,0],"2":[0,0],"3":[0,0]}}
,"/Users/marincapranov/Desktop/TestApps/ArmProgress/lib/useResponsive.ts": {"path":"/Users/marincapranov/Desktop/TestApps/ArmProgress/lib/useResponsive.ts","statementMap":{"0":{"start":{"line":15,"column":26},"end":{"line":15,"column":29}},"1":{"start":{"line":18,"column":2},"end":{"line":18,"column":57}},"2":{"start":{"line":22,"column":2},"end":{"line":22,"column":44}},"3":{"start":{"line":26,"column":38},"end":{"line":26,"column":90}},"4":{"start":{"line":26,"column":65},"end":{"line":26,"column":89}},"5":{"start":{"line":28,"column":2},"end":{"line":34,"column":9}},"6":{"start":{"line":29,"column":25},"end":{"line":31,"column":6}},"7":{"start":{"line":30,"column":6},"end":{"line":30,"column":28}},"8":{"start":{"line":33,"column":4},"end":{"line":33,"column":40}},"9":{"start":{"line":33,"column":17},"end":{"line":33,"column":39}},"10":{"start":{"line":36,"column":21},"end":{"line":36,"column":52}},"11":{"start":{"line":37,"column":18},"end":{"line":37,"column":46}},"12":{"start":{"line":39,"column":2},"end":{"line":46,"column":4}},"13":{"start":{"line":51,"column":2},"end":{"line":51,"column":46}},"14":{"start":{"line":56,"column":16},"end":{"line":56,"column":53}},"15":{"start":{"line":57,"column":2},"end":{"line":57,"column":38}}},"fnMap":{"0":{"name":"getBreakpoint","decl":{"start":{"line":17,"column":9},"end":{"line":17,"column":22}},"loc":{"start":{"line":17,"column":50},"end":{"line":19,"column":1}},"line":17},"1":{"name":"getColumns","decl":{"start":{"line":21,"column":9},"end":{"line":21,"column":19}},"loc":{"start":{"line":21,"column":43},"end":{"line":23,"column":1}},"line":21},"2":{"name":"useResponsive","decl":{"start":{"line":25,"column":16},"end":{"line":25,"column":29}},"loc":{"start":{"line":25,"column":48},"end":{"line":47,"column":1}},"line":25},"3":{"name":"(anonymous_3)","decl":{"start":{"line":26,"column":59},"end":{"line":26,"column":60}},"loc":{"start":{"line":26,"column":65},"end":{"line":26,"column":89}},"line":26},"4":{"name":"(anonymous_4)","decl":{"start":{"line":28,"column":12},"end":{"line":28,"column":13}},"loc":{"start":{"line":28,"column":18},"end":{"line":34,"column":3}},"line":28},"5":{"name":"(anonymous_5)","decl":{"start":{"line":29,"column":63},"end":{"line":29,"column":64}},"loc":{"start":{"line":29,"column":79},"end":{"line":31,"column":5}},"line":29},"6":{"name":"(anonymous_6)","decl":{"start":{"line":33,"column":11},"end":{"line":33,"column":12}},"loc":{"start":{"line":33,"column":17},"end":{"line":33,"column":39}},"line":33},"7":{"name":"getResponsivePadding","decl":{"start":{"line":50,"column":16},"end":{"line":50,"column":36}},"loc":{"start":{"line":50,"column":60},"end":{"line":52,"column":1}},"line":50},"8":{"name":"getResponsiveFontSize","decl":{"start":{"line":55,"column":16},"end":{"line":55,"column":37}},"loc":{"start":{"line":55,"column":79},"end":{"line":58,"column":1}},"line":55}},"branchMap":{"0":{"loc":{"start":{"line":18,"column":9},"end":{"line":18,"column":56}},"type":"cond-expr","locations":[{"start":{"line":18,"column":38},"end":{"line":18,"column":46}},{"start":{"line":18,"column":49},"end":{"line":18,"column":56}}],"line":18},"1":{"loc":{"start":{"line":22,"column":9},"end":{"line":22,"column":43}},"type":"cond-expr","locations":[{"start":{"line":22,"column":38},"end":{"line":22,"column":39}},{"start":{"line":22,"column":42},"end":{"line":22,"column":43}}],"line":22},"2":{"loc":{"start":{"line":51,"column":9},"end":{"line":51,"column":45}},"type":"cond-expr","locations":[{"start":{"line":51,"column":38},"end":{"line":51,"column":40}},{"start":{"line":51,"column":43},"end":{"line":51,"column":45}}],"line":51},"3":{"loc":{"start":{"line":56,"column":16},"end":{"line":56,"column":53}},"type":"cond-expr","locations":[{"start":{"line":56,"column":45},"end":{"line":56,"column":49}},{"start":{"line":56,"column":52},"end":{"line":56,"column":53}}],"line":56}},"s":{"0":0,"1":0,"2":0,"3":0,"4":0,"5":0,"6":0,"7":0,"8":0,"9":0,"10":0,"11":0,"12":0,"13":0,"14":0,"15":0},"f":{"0":0,"1":0,"2":0,"3":0,"4":0,"5":0,"6":0,"7":0,"8":0},"b":{"0":[0,0],"1":[0,0],"2":[0,0],"3":[0,0]}}
,"/Users/marincapranov/Desktop/TestApps/ArmProgress/lib/validation.ts": {"path":"/Users/marincapranov/Desktop/TestApps/ArmProgress/lib/validation.ts","statementMap":{"0":{"start":{"line":30,"column":36},"end":{"line":30,"column":38}},"1":{"start":{"line":33,"column":28},"end":{"line":40,"column":3}},"2":{"start":{"line":42,"column":2},"end":{"line":48,"column":3}},"3":{"start":{"line":43,"column":4},"end":{"line":43,"column":80}},"4":{"start":{"line":44,"column":9},"end":{"line":48,"column":3}},"5":{"start":{"line":45,"column":4},"end":{"line":45,"column":96}},"6":{"start":{"line":46,"column":9},"end":{"line":48,"column":3}},"7":{"start":{"line":47,"column":4},"end":{"line":47,"column":76}},"8":{"start":{"line":51,"column":2},"end":{"line":57,"column":3}},"9":{"start":{"line":52,"column":4},"end":{"line":52,"column":85}},"10":{"start":{"line":53,"column":9},"end":{"line":57,"column":3}},"11":{"start":{"line":54,"column":4},"end":{"line":54,"column":94}},"12":{"start":{"line":55,"column":9},"end":{"line":57,"column":3}},"13":{"start":{"line":56,"column":4},"end":{"line":56,"column":108}},"14":{"start":{"line":60,"column":2},"end":{"line":64,"column":3}},"15":{"start":{"line":61,"column":4},"end":{"line":61,"column":79}},"16":{"start":{"line":62,"column":9},"end":{"line":64,"column":3}},"17":{"start":{"line":63,"column":4},"end":{"line":63,"column":87}},"18":{"start":{"line":67,"column":2},"end":{"line":69,"column":3}},"19":{"start":{"line":68,"column":4},"end":{"line":68,"column":84}},"20":{"start":{"line":71,"column":2},"end":{"line":74,"column":4}},"21":{"start":{"line":89,"column":36},"end":{"line":89,"column":38}},"22":{"start":{"line":92,"column":2},"end":{"line":96,"column":3}},"23":{"start":{"line":93,"column":4},"end":{"line":93,"column":82}},"24":{"start":{"line":94,"column":9},"end":{"line":96,"column":3}},"25":{"start":{"line":95,"column":4},"end":{"line":95,"column":99}},"26":{"start":{"line":99,"column":2},"end":{"line":103,"column":3}},"27":{"start":{"line":100,"column":4},"end":{"line":100,"column":69}},"28":{"start":{"line":101,"column":9},"end":{"line":103,"column":3}},"29":{"start":{"line":102,"column":4},"end":{"line":102,"column":78}},"30":{"start":{"line":106,"column":2},"end":{"line":110,"column":3}},"31":{"start":{"line":107,"column":4},"end":{"line":107,"column":69}},"32":{"start":{"line":108,"column":9},"end":{"line":110,"column":3}},"33":{"start":{"line":109,"column":4},"end":{"line":109,"column":79}},"34":{"start":{"line":113,"column":2},"end":{"line":117,"column":3}},"35":{"start":{"line":114,"column":4},"end":{"line":114,"column":77}},"36":{"start":{"line":115,"column":9},"end":{"line":117,"column":3}},"37":{"start":{"line":116,"column":4},"end":{"line":116,"column":91}},"38":{"start":{"line":120,"column":2},"end":{"line":122,"column":3}},"39":{"start":{"line":121,"column":4},"end":{"line":121,"column":83}},"40":{"start":{"line":124,"column":2},"end":{"line":127,"column":4}},"41":{"start":{"line":142,"column":36},"end":{"line":142,"column":38}},"42":{"start":{"line":145,"column":2},"end":{"line":149,"column":3}},"43":{"start":{"line":146,"column":4},"end":{"line":146,"column":70}},"44":{"start":{"line":147,"column":9},"end":{"line":149,"column":3}},"45":{"start":{"line":148,"column":4},"end":{"line":148,"column":87}},"46":{"start":{"line":152,"column":26},"end":{"line":159,"column":3}},"47":{"start":{"line":161,"column":2},"end":{"line":163,"column":3}},"48":{"start":{"line":162,"column":4},"end":{"line":162,"column":72}},"49":{"start":{"line":166,"column":20},"end":{"line":166,"column":45}},"50":{"start":{"line":167,"column":18},"end":{"line":167,"column":41}},"51":{"start":{"line":169,"column":2},"end":{"line":171,"column":3}},"52":{"start":{"line":170,"column":4},"end":{"line":170,"column":72}},"53":{"start":{"line":173,"column":2},"end":{"line":175,"column":3}},"54":{"start":{"line":174,"column":4},"end":{"line":174,"column":68}},"55":{"start":{"line":177,"column":2},"end":{"line":179,"column":3}},"56":{"start":{"line":178,"column":4},"end":{"line":178,"column":85}},"57":{"start":{"line":182,"column":2},"end":{"line":184,"column":3}},"58":{"start":{"line":183,"column":4},"end":{"line":183,"column":95}},"59":{"start":{"line":186,"column":2},"end":{"line":189,"column":4}},"60":{"start":{"line":204,"column":36},"end":{"line":204,"column":38}},"61":{"start":{"line":207,"column":2},"end":{"line":211,"column":3}},"62":{"start":{"line":208,"column":4},"end":{"line":208,"column":74}},"63":{"start":{"line":209,"column":9},"end":{"line":211,"column":3}},"64":{"start":{"line":210,"column":4},"end":{"line":210,"column":91}},"65":{"start":{"line":214,"column":2},"end":{"line":218,"column":3}},"66":{"start":{"line":215,"column":4},"end":{"line":215,"column":85}},"67":{"start":{"line":216,"column":9},"end":{"line":218,"column":3}},"68":{"start":{"line":217,"column":4},"end":{"line":217,"column":96}},"69":{"start":{"line":221,"column":2},"end":{"line":225,"column":3}},"70":{"start":{"line":222,"column":4},"end":{"line":222,"column":87}},"71":{"start":{"line":223,"column":9},"end":{"line":225,"column":3}},"72":{"start":{"line":224,"column":4},"end":{"line":224,"column":98}},"73":{"start":{"line":228,"column":2},"end":{"line":233,"column":3}},"74":{"start":{"line":229,"column":21},"end":{"line":229,"column":44}},"75":{"start":{"line":230,"column":4},"end":{"line":232,"column":5}},"76":{"start":{"line":231,"column":6},"end":{"line":231,"column":75}},"77":{"start":{"line":236,"column":2},"end":{"line":238,"column":3}},"78":{"start":{"line":237,"column":4},"end":{"line":237,"column":83}},"79":{"start":{"line":240,"column":2},"end":{"line":243,"column":4}},"80":{"start":{"line":257,"column":36},"end":{"line":257,"column":38}},"81":{"start":{"line":260,"column":25},"end":{"line":268,"column":3}},"82":{"start":{"line":270,"column":2},"end":{"line":272,"column":3}},"83":{"start":{"line":271,"column":4},"end":{"line":271,"column":70}},"84":{"start":{"line":275,"column":2},"end":{"line":279,"column":3}},"85":{"start":{"line":276,"column":4},"end":{"line":276,"column":85}},"86":{"start":{"line":277,"column":9},"end":{"line":279,"column":3}},"87":{"start":{"line":278,"column":4},"end":{"line":278,"column":95}},"88":{"start":{"line":282,"column":2},"end":{"line":284,"column":3}},"89":{"start":{"line":283,"column":4},"end":{"line":283,"column":84}},"90":{"start":{"line":287,"column":2},"end":{"line":289,"column":3}},"91":{"start":{"line":288,"column":4},"end":{"line":288,"column":83}},"92":{"start":{"line":291,"column":2},"end":{"line":294,"column":4}},"93":{"start":{"line":306,"column":36},"end":{"line":306,"column":38}},"94":{"start":{"line":309,"column":24},"end":{"line":309,"column":39}},"95":{"start":{"line":310,"column":2},"end":{"line":315,"column":3}},"96":{"start":{"line":311,"column":4},"end":{"line":314,"column":7}},"97":{"start":{"line":318,"column":25},"end":{"line":324,"column":3}},"98":{"start":{"line":326,"column":2},"end":{"line":331,"column":3}},"99":{"start":{"line":327,"column":4},"end":{"line":330,"column":7}},"100":{"start":{"line":333,"column":2},"end":{"line":336,"column":4}},"101":{"start":{"line":343,"column":2},"end":{"line":343,"column":68}},"102":{"start":{"line":350,"column":2},"end":{"line":350,"column":54}},"103":{"start":{"line":350,"column":32},"end":{"line":350,"column":41}}},"fnMap":{"0":{"name":"validateWorkout","decl":{"start":{"line":29,"column":16},"end":{"line":29,"column":31}},"loc":{"start":{"line":29,"column":70},"end":{"line":75,"column":1}},"line":29},"1":{"name":"validateExercise","decl":{"start":{"line":88,"column":16},"end":{"line":88,"column":32}},"loc":{"start":{"line":88,"column":72},"end":{"line":128,"column":1}},"line":88},"2":{"name":"validateCycle","decl":{"start":{"line":141,"column":16},"end":{"line":141,"column":29}},"loc":{"start":{"line":141,"column":66},"end":{"line":190,"column":1}},"line":141},"3":{"name":"validateGoal","decl":{"start":{"line":203,"column":16},"end":{"line":203,"column":28}},"loc":{"start":{"line":203,"column":64},"end":{"line":244,"column":1}},"line":203},"4":{"name":"validateStrengthTest","decl":{"start":{"line":256,"column":16},"end":{"line":256,"column":36}},"loc":{"start":{"line":256,"column":80},"end":{"line":295,"column":1}},"line":256},"5":{"name":"validateAvatarUpload","decl":{"start":{"line":305,"column":16},"end":{"line":305,"column":36}},"loc":{"start":{"line":305,"column":78},"end":{"line":337,"column":1}},"line":305},"6":{"name":"getFirstError","decl":{"start":{"line":342,"column":16},"end":{"line":342,"column":29}},"loc":{"start":{"line":342,"column":71},"end":{"line":344,"column":1}},"line":342},"7":{"name":"getAllErrors","decl":{"start":{"line":349,"column":16},"end":{"line":349,"column":28}},"loc":{"start":{"line":349,"column":63},"end":{"line":351,"column":1}},"line":349},"8":{"name":"(anonymous_8)","decl":{"start":{"line":350,"column":27},"end":{"line":350,"column":28}},"loc":{"start":{"line":350,"column":32},"end":{"line":350,"column":41}},"line":350}},"branchMap":{"0":{"loc":{"start":{"line":42,"column":2},"end":{"line":48,"column":3}},"type":"if","locations":[{"start":{"line":42,"column":2},"end":{"line":48,"column":3}},{"start":{"line":44,"column":9},"end":{"line":48,"column":3}}],"line":42},"1":{"loc":{"start":{"line":42,"column":6},"end":{"line":42,"column":65}},"type":"binary-expr","locations":[{"start":{"line":42,"column":6},"end":{"line":42,"column":24}},{"start":{"line":42,"column":28},"end":{"line":42,"column":65}}],"line":42},"2":{"loc":{"start":{"line":44,"column":9},"end":{"line":48,"column":3}},"type":"if","locations":[{"start":{"line":44,"column":9},"end":{"line":48,"column":3}},{"start":{"line":46,"column":9},"end":{"line":48,"column":3}}],"line":44},"3":{"loc":{"start":{"line":46,"column":9},"end":{"line":48,"column":3}},"type":"if","locations":[{"start":{"line":46,"column":9},"end":{"line":48,"column":3}},{"start":{},"end":{}}],"line":46},"4":{"loc":{"start":{"line":51,"column":2},"end":{"line":57,"column":3}},"type":"if","locations":[{"start":{"line":51,"column":2},"end":{"line":57,"column":3}},{"start":{"line":53,"column":9},"end":{"line":57,"column":3}}],"line":51},"5":{"loc":{"start":{"line":51,"column":6},"end":{"line":51,"column":79}},"type":"binary-expr","locations":[{"start":{"line":51,"column":6},"end":{"line":51,"column":47}},{"start":{"line":51,"column":51},"end":{"line":51,"column":79}}],"line":51},"6":{"loc":{"start":{"line":53,"column":9},"end":{"line":57,"column":3}},"type":"if","locations":[{"start":{"line":53,"column":9},"end":{"line":57,"column":3}},{"start":{"line":55,"column":9},"end":{"line":57,"column":3}}],"line":53},"7":{"loc":{"start":{"line":55,"column":9},"end":{"line":57,"column":3}},"type":"if","locations":[{"start":{"line":55,"column":9},"end":{"line":57,"column":3}},{"start":{},"end":{}}],"line":55},"8":{"loc":{"start":{"line":60,"column":2},"end":{"line":64,"column":3}},"type":"if","locations":[{"start":{"line":60,"column":2},"end":{"line":64,"column":3}},{"start":{"line":62,"column":9},"end":{"line":64,"column":3}}],"line":60},"9":{"loc":{"start":{"line":60,"column":6},"end":{"line":60,"column":65}},"type":"binary-expr","locations":[{"start":{"line":60,"column":6},"end":{"line":60,"column":40}},{"start":{"line":60,"column":44},"end":{"line":60,"column":65}}],"line":60},"10":{"loc":{"start":{"line":62,"column":9},"end":{"line":64,"column":3}},"type":"if","locations":[{"start":{"line":62,"column":9},"end":{"line":64,"column":3}},{"start":{},"end":{}}],"line":62},"11":{"loc":{"start":{"line":62,"column":13},"end":{"line":62,"column":54}},"type":"binary-expr","locations":[{"start":{"line":62,"column":13},"end":{"line":62,"column":31}},{"start":{"line":62,"column":35},"end":{"line":62,"column":54}}],"line":62},"12":{"loc":{"start":{"line":67,"column":2},"end":{"line":69,"column":3}},"type":"if","locations":[{"start":{"line":67,"column":2},"end":{"line":69,"column":3}},{"start":{},"end":{}}],"line":67},"13":{"loc":{"start":{"line":67,"column":6},"end":{"line":67,"column":44}},"type":"binary-expr","locations":[{"start":{"line":67,"column":6},"end":{"line":67,"column":16}},{"start":{"line":67,"column":20},"end":{"line":67,"column":44}}],"line":67},"14":{"loc":{"start":{"line":92,"column":2},"end":{"line":96,"column":3}},"type":"if","locations":[{"start":{"line":92,"column":2},"end":{"line":96,"column":3}},{"start":{"line":94,"column":9},"end":{"line":96,"column":3}}],"line":92},"15":{"loc":{"start":{"line":92,"column":6},"end":{"line":92,"column":67}},"type":"binary-expr","locations":[{"start":{"line":92,"column":6},"end":{"line":92,"column":25}},{"start":{"line":92,"column":29},"end":{"line":92,"column":67}}],"line":92},"16":{"loc":{"start":{"line":94,"column":9},"end":{"line":96,"column":3}},"type":"if","locations":[{"start":{"line":94,"column":9},"end":{"line":96,"column":3}},{"start":{},"end":{}}],"line":94},"17":{"loc":{"start":{"line":99,"column":2},"end":{"line":103,"column":3}},"type":"if","locations":[{"start":{"line":99,"column":2},"end":{"line":103,"column":3}},{"start":{"line":101,"column":9},"end":{"line":103,"column":3}}],"line":99},"18":{"loc":{"start":{"line":99,"column":6},"end":{"line":99,"column":55}},"type":"binary-expr","locations":[{"start":{"line":99,"column":6},"end":{"line":99,"column":35}},{"start":{"line":99,"column":39},"end":{"line":99,"column":55}}],"line":99},"19":{"loc":{"start":{"line":101,"column":9},"end":{"line":103,"column":3}},"type":"if","locations":[{"start":{"line":101,"column":9},"end":{"line":103,"column":3}},{"start":{},"end":{}}],"line":101},"20":{"loc":{"start":{"line":101,"column":13},"end":{"line":101,"column":45}},"type":"binary-expr","locations":[{"start":{"line":101,"column":13},"end":{"line":101,"column":26}},{"start":{"line":101,"column":30},"end":{"line":101,"column":45}}],"line":101},"21":{"loc":{"start":{"line":106,"column":2},"end":{"line":110,"column":3}},"type":"if","locations":[{"start":{"line":106,"column":2},"end":{"line":110,"column":3}},{"start":{"line":108,"column":9},"end":{"line":110,"column":3}}],"line":106},"22":{"loc":{"start":{"line":106,"column":6},"end":{"line":106,"column":55}},"type":"binary-expr","locations":[{"start":{"line":106,"column":6},"end":{"line":106,"column":35}},{"start":{"line":106,"column":39},"end":{"line":106,"column":55}}],"line":106},"23":{"loc":{"start":{"line":108,"column":9},"end":{"line":110,"column":3}},"type":"if","locations":[{"start":{"line":108,"column":9},"end":{"line":110,"column":3}},{"start":{},"end":{}}],"line":108},"24":{"loc":{"start":{"line":108,"column":13},"end":{"line":108,"column":46}},"type":"binary-expr","locations":[{"start":{"line":108,"column":13},"end":{"line":108,"column":26}},{"start":{"line":108,"column":30},"end":{"line":108,"column":46}}],"line":108},"25":{"loc":{"start":{"line":113,"column":2},"end":{"line":117,"column":3}},"type":"if","locations":[{"start":{"line":113,"column":2},"end":{"line":117,"column":3}},{"start":{"line":115,"column":9},"end":{"line":117,"column":3}}],"line":113},"26":{"loc":{"start":{"line":113,"column":6},"end":{"line":113,"column":67}},"type":"binary-expr","locations":[{"start":{"line":113,"column":6},"end":{"line":113,"column":41}},{"start":{"line":113,"column":45},"end":{"line":113,"column":67}}],"line":113},"27":{"loc":{"start":{"line":115,"column":9},"end":{"line":117,"column":3}},"type":"if","locations":[{"start":{"line":115,"column":9},"end":{"line":117,"column":3}},{"start":{},"end":{}}],"line":115},"28":{"loc":{"start":{"line":115,"column":13},"end":{"line":115,"column":58}},"type":"binary-expr","locations":[{"start":{"line":115,"column":13},"end":{"line":115,"column":32}},{"start":{"line":115,"column":36},"end":{"line":115,"column":58}}],"line":115},"29":{"loc":{"start":{"line":120,"column":2},"end":{"line":122,"column":3}},"type":"if","locations":[{"start":{"line":120,"column":2},"end":{"line":122,"column":3}},{"start":{},"end":{}}],"line":120},"30":{"loc":{"start":{"line":120,"column":6},"end":{"line":120,"column":43}},"type":"binary-expr","locations":[{"start":{"line":120,"column":6},"end":{"line":120,"column":16}},{"start":{"line":120,"column":20},"end":{"line":120,"column":43}}],"line":120},"31":{"loc":{"start":{"line":145,"column":2},"end":{"line":149,"column":3}},"type":"if","locations":[{"start":{"line":145,"column":2},"end":{"line":149,"column":3}},{"start":{"line":147,"column":9},"end":{"line":149,"column":3}}],"line":145},"32":{"loc":{"start":{"line":145,"column":6},"end":{"line":145,"column":49}},"type":"binary-expr","locations":[{"start":{"line":145,"column":6},"end":{"line":145,"column":16}},{"start":{"line":145,"column":20},"end":{"line":145,"column":49}}],"line":145},"33":{"loc":{"start":{"line":147,"column":9},"end":{"line":149,"column":3}},"type":"if","locations":[{"start":{"line":147,"column":9},"end":{"line":149,"column":3}},{"start":{},"end":{}}],"line":147},"34":{"loc":{"start":{"line":161,"column":2},"end":{"line":163,"column":3}},"type":"if","locations":[{"start":{"line":161,"column":2},"end":{"line":163,"column":3}},{"start":{},"end":{}}],"line":161},"35":{"loc":{"start":{"line":161,"column":6},"end":{"line":161,"column":68}},"type":"binary-expr","locations":[{"start":{"line":161,"column":6},"end":{"line":161,"column":22}},{"start":{"line":161,"column":26},"end":{"line":161,"column":68}}],"line":161},"36":{"loc":{"start":{"line":169,"column":2},"end":{"line":171,"column":3}},"type":"if","locations":[{"start":{"line":169,"column":2},"end":{"line":171,"column":3}},{"start":{},"end":{}}],"line":169},"37":{"loc":{"start":{"line":173,"column":2},"end":{"line":175,"column":3}},"type":"if","locations":[{"start":{"line":173,"column":2},"end":{"line":175,"column":3}},{"start":{},"end":{}}],"line":173},"38":{"loc":{"start":{"line":177,"column":2},"end":{"line":179,"column":3}},"type":"if","locations":[{"start":{"line":177,"column":2},"end":{"line":179,"column":3}},{"start":{},"end":{}}],"line":177},"39":{"loc":{"start":{"line":182,"column":2},"end":{"line":184,"column":3}},"type":"if","locations":[{"start":{"line":182,"column":2},"end":{"line":184,"column":3}},{"start":{},"end":{}}],"line":182},"40":{"loc":{"start":{"line":182,"column":6},"end":{"line":182,"column":55}},"type":"binary-expr","locations":[{"start":{"line":182,"column":6},"end":{"line":182,"column":22}},{"start":{"line":182,"column":26},"end":{"line":182,"column":55}}],"line":182},"41":{"loc":{"start":{"line":207,"column":2},"end":{"line":211,"column":3}},"type":"if","locations":[{"start":{"line":207,"column":2},"end":{"line":211,"column":3}},{"start":{"line":209,"column":9},"end":{"line":211,"column":3}}],"line":207},"42":{"loc":{"start":{"line":207,"column":6},"end":{"line":207,"column":59}},"type":"binary-expr","locations":[{"start":{"line":207,"column":6},"end":{"line":207,"column":21}},{"start":{"line":207,"column":25},"end":{"line":207,"column":59}}],"line":207},"43":{"loc":{"start":{"line":209,"column":9},"end":{"line":211,"column":3}},"type":"if","locations":[{"start":{"line":209,"column":9},"end":{"line":211,"column":3}},{"start":{},"end":{}}],"line":209},"44":{"loc":{"start":{"line":214,"column":2},"end":{"line":218,"column":3}},"type":"if","locations":[{"start":{"line":214,"column":2},"end":{"line":218,"column":3}},{"start":{"line":216,"column":9},"end":{"line":218,"column":3}}],"line":214},"45":{"loc":{"start":{"line":214,"column":6},"end":{"line":214,"column":71}},"type":"binary-expr","locations":[{"start":{"line":214,"column":6},"end":{"line":214,"column":43}},{"start":{"line":214,"column":47},"end":{"line":214,"column":71}}],"line":214},"46":{"loc":{"start":{"line":216,"column":9},"end":{"line":218,"column":3}},"type":"if","locations":[{"start":{"line":216,"column":9},"end":{"line":218,"column":3}},{"start":{},"end":{}}],"line":216},"47":{"loc":{"start":{"line":216,"column":13},"end":{"line":216,"column":63}},"type":"binary-expr","locations":[{"start":{"line":216,"column":13},"end":{"line":216,"column":34}},{"start":{"line":216,"column":38},"end":{"line":216,"column":63}}],"line":216},"48":{"loc":{"start":{"line":221,"column":2},"end":{"line":225,"column":3}},"type":"if","locations":[{"start":{"line":221,"column":2},"end":{"line":225,"column":3}},{"start":{"line":223,"column":9},"end":{"line":225,"column":3}}],"line":221},"49":{"loc":{"start":{"line":221,"column":6},"end":{"line":221,"column":73}},"type":"binary-expr","locations":[{"start":{"line":221,"column":6},"end":{"line":221,"column":44}},{"start":{"line":221,"column":48},"end":{"line":221,"column":73}}],"line":221},"50":{"loc":{"start":{"line":223,"column":9},"end":{"line":225,"column":3}},"type":"if","locations":[{"start":{"line":223,"column":9},"end":{"line":225,"column":3}},{"start":{},"end":{}}],"line":223},"51":{"loc":{"start":{"line":223,"column":13},"end":{"line":223,"column":65}},"type":"binary-expr","locations":[{"start":{"line":223,"column":13},"end":{"line":223,"column":35}},{"start":{"line":223,"column":39},"end":{"line":223,"column":65}}],"line":223},"52":{"loc":{"start":{"line":228,"column":2},"end":{"line":233,"column":3}},"type":"if","locations":[{"start":{"line":228,"column":2},"end":{"line":233,"column":3}},{"start":{},"end":{}}],"line":228},"53":{"loc":{"start":{"line":230,"column":4},"end":{"line":232,"column":5}},"type":"if","locations":[{"start":{"line":230,"column":4},"end":{"line":232,"column":5}},{"start":{},"end":{}}],"line":230},"54":{"loc":{"start":{"line":236,"column":2},"end":{"line":238,"column":3}},"type":"if","locations":[{"start":{"line":236,"column":2},"end":{"line":238,"column":3}},{"start":{},"end":{}}],"line":236},"55":{"loc":{"start":{"line":236,"column":6},"end":{"line":236,"column":43}},"type":"binary-expr","locations":[{"start":{"line":236,"column":6},"end":{"line":236,"column":16}},{"start":{"line":236,"column":20},"end":{"line":236,"column":43}}],"line":236},"56":{"loc":{"start":{"line":270,"column":2},"end":{"line":272,"column":3}},"type":"if","locations":[{"start":{"line":270,"column":2},"end":{"line":272,"column":3}},{"start":{},"end":{}}],"line":270},"57":{"loc":{"start":{"line":270,"column":6},"end":{"line":270,"column":65}},"type":"binary-expr","locations":[{"start":{"line":270,"column":6},"end":{"line":270,"column":21}},{"start":{"line":270,"column":25},"end":{"line":270,"column":65}}],"line":270},"58":{"loc":{"start":{"line":275,"column":2},"end":{"line":279,"column":3}},"type":"if","locations":[{"start":{"line":275,"column":2},"end":{"line":279,"column":3}},{"start":{"line":277,"column":9},"end":{"line":279,"column":3}}],"line":275},"59":{"loc":{"start":{"line":275,"column":6},"end":{"line":275,"column":71}},"type":"binary-expr","locations":[{"start":{"line":275,"column":6},"end":{"line":275,"column":43}},{"start":{"line":275,"column":47},"end":{"line":275,"column":71}}],"line":275},"60":{"loc":{"start":{"line":277,"column":9},"end":{"line":279,"column":3}},"type":"if","locations":[{"start":{"line":277,"column":9},"end":{"line":279,"column":3}},{"start":{},"end":{}}],"line":277},"61":{"loc":{"start":{"line":277,"column":13},"end":{"line":277,"column":62}},"type":"binary-expr","locations":[{"start":{"line":277,"column":13},"end":{"line":277,"column":34}},{"start":{"line":277,"column":38},"end":{"line":277,"column":62}}],"line":277},"62":{"loc":{"start":{"line":282,"column":2},"end":{"line":284,"column":3}},"type":"if","locations":[{"start":{"line":282,"column":2},"end":{"line":284,"column":3}},{"start":{},"end":{}}],"line":282},"63":{"loc":{"start":{"line":282,"column":6},"end":{"line":282,"column":84}},"type":"binary-expr","locations":[{"start":{"line":282,"column":6},"end":{"line":282,"column":23}},{"start":{"line":282,"column":28},"end":{"line":282,"column":53}},{"start":{"line":282,"column":57},"end":{"line":282,"column":83}}],"line":282},"64":{"loc":{"start":{"line":287,"column":2},"end":{"line":289,"column":3}},"type":"if","locations":[{"start":{"line":287,"column":2},"end":{"line":289,"column":3}},{"start":{},"end":{}}],"line":287},"65":{"loc":{"start":{"line":287,"column":6},"end":{"line":287,"column":43}},"type":"binary-expr","locations":[{"start":{"line":287,"column":6},"end":{"line":287,"column":16}},{"start":{"line":287,"column":20},"end":{"line":287,"column":43}}],"line":287},"66":{"loc":{"start":{"line":310,"column":2},"end":{"line":315,"column":3}},"type":"if","locations":[{"start":{"line":310,"column":2},"end":{"line":315,"column":3}},{"start":{},"end":{}}],"line":310},"67":{"loc":{"start":{"line":326,"column":2},"end":{"line":331,"column":3}},"type":"if","locations":[{"start":{"line":326,"column":2},"end":{"line":331,"column":3}},{"start":{},"end":{}}],"line":326},"68":{"loc":{"start":{"line":343,"column":9},"end":{"line":343,"column":67}},"type":"cond-expr","locations":[{"start":{"line":343,"column":36},"end":{"line":343,"column":60}},{"start":{"line":343,"column":63},"end":{"line":343,"column":67}}],"line":343}},"s":{"0":18,"1":18,"2":18,"3":3,"4":15,"5":0,"6":15,"7":1,"8":18,"9":0,"10":18,"11":3,"12":15,"13":1,"14":18,"15":0,"16":18,"17":4,"18":18,"19":1,"20":18,"21":7,"22":7,"23":1,"24":6,"25":0,"26":7,"27":0,"28":7,"29":2,"30":7,"31":0,"32":7,"33":0,"34":7,"35":0,"36":7,"37":2,"38":7,"39":0,"40":7,"41":10,"42":10,"43":0,"44":10,"45":0,"46":10,"47":10,"48":1,"49":10,"50":10,"51":10,"52":1,"53":10,"54":0,"55":10,"56":1,"57":10,"58":0,"59":10,"60":5,"61":5,"62":0,"63":5,"64":0,"65":5,"66":0,"67":5,"68":2,"69":5,"70":0,"71":5,"72":0,"73":5,"74":2,"75":2,"76":1,"77":5,"78":0,"79":5,"80":11,"81":11,"82":11,"83":1,"84":11,"85":0,"86":11,"87":0,"88":11,"89":0,"90":11,"91":0,"92":11,"93":8,"94":8,"95":8,"96":1,"97":8,"98":8,"99":1,"100":8,"101":2,"102":2,"103":3},"f":{"0":18,"1":7,"2":10,"3":5,"4":11,"5":8,"6":2,"7":2,"8":3},"b":{"0":[3,15],"1":[18,15],"2":[0,15],"3":[1,14],"4":[0,18],"5":[18,18],"6":[3,15],"7":[1,14],"8":[0,18],"9":[18,18],"10":[4,14],"11":[18,17],"12":[1,17],"13":[18,2],"14":[1,6],"15":[7,6],"16":[0,6],"17":[0,7],"18":[7,7],"19":[2,5],"20":[7,6],"21":[0,7],"22":[7,7],"23":[0,7],"24":[7,7],"25":[0,7],"26":[7,7],"27":[2,5],"28":[7,6],"29":[0,7],"30":[7,0],"31":[0,10],"32":[10,10],"33":[0,10],"34":[1,9],"35":[10,10],"36":[1,9],"37":[0,10],"38":[1,9],"39":[0,10],"40":[10,1],"41":[0,5],"42":[5,5],"43":[0,5],"44":[0,5],"45":[5,5],"46":[2,3],"47":[5,4],"48":[0,5],"49":[5,5],"50":[0,5],"51":[5,5],"52":[2,3],"53":[1,1],"54":[0,5],"55":[5,1],"56":[1,10],"57":[11,11],"58":[0,11],"59":[11,11],"60":[0,11],"61":[11,11],"62":[0,11],"63":[11,11,10],"64":[0,11],"65":[11,1],"66":[1,7],"67":[1,7],"68":[1,1]},"_coverageSchema":"1a1c01bbd47fc00a2c39e90264f33305004495a9","hash":"2f8c4599e90306ccc92b701e9a8a0127aa52b2ad"}
,"/Users/marincapranov/Desktop/TestApps/ArmProgress/lib/weightUtils.ts": {"path":"/Users/marincapranov/Desktop/TestApps/ArmProgress/lib/weightUtils.ts","statementMap":{"0":{"start":{"line":13,"column":23},"end":{"line":15,"column":1}},"1":{"start":{"line":14,"column":2},"end":{"line":14,"column":36}},"2":{"start":{"line":22,"column":23},"end":{"line":24,"column":1}},"3":{"start":{"line":23,"column":2},"end":{"line":23,"column":34}},"4":{"start":{"line":34,"column":2},"end":{"line":34,"column":52}},"5":{"start":{"line":34,"column":27},"end":{"line":34,"column":52}},"6":{"start":{"line":36,"column":2},"end":{"line":40,"column":3}},"7":{"start":{"line":37,"column":4},"end":{"line":37,"column":40}},"8":{"start":{"line":38,"column":9},"end":{"line":40,"column":3}},"9":{"start":{"line":39,"column":4},"end":{"line":39,"column":39}},"10":{"start":{"line":42,"column":2},"end":{"line":42,"column":27}},"11":{"start":{"line":52,"column":28},"end":{"line":54,"column":1}},"12":{"start":{"line":53,"column":2},"end":{"line":53,"column":41}},"13":{"start":{"line":62,"column":28},"end":{"line":64,"column":1}},"14":{"start":{"line":63,"column":2},"end":{"line":63,"column":47}},"15":{"start":{"line":72,"column":30},"end":{"line":74,"column":1}},"16":{"start":{"line":73,"column":2},"end":{"line":73,"column":51}},"17":{"start":{"line":84,"column":2},"end":{"line":86,"column":3}},"18":{"start":{"line":85,"column":4},"end":{"line":85,"column":24}},"19":{"start":{"line":87,"column":2},"end":{"line":87,"column":15}},"20":{"start":{"line":96,"column":2},"end":{"line":96,"column":44}}},"fnMap":{"0":{"name":"(anonymous_0)","decl":{"start":{"line":13,"column":23},"end":{"line":13,"column":24}},"loc":{"start":{"line":13,"column":48},"end":{"line":15,"column":1}},"line":13},"1":{"name":"(anonymous_1)","decl":{"start":{"line":22,"column":23},"end":{"line":22,"column":24}},"loc":{"start":{"line":22,"column":47},"end":{"line":24,"column":1}},"line":22},"2":{"name":"convertWeight","decl":{"start":{"line":33,"column":16},"end":{"line":33,"column":29}},"loc":{"start":{"line":33,"column":99},"end":{"line":43,"column":1}},"line":33},"3":{"name":"(anonymous_3)","decl":{"start":{"line":52,"column":28},"end":{"line":52,"column":29}},"loc":{"start":{"line":52,"column":98},"end":{"line":54,"column":1}},"line":52},"4":{"name":"(anonymous_4)","decl":{"start":{"line":62,"column":28},"end":{"line":62,"column":29}},"loc":{"start":{"line":62,"column":79},"end":{"line":64,"column":1}},"line":62},"5":{"name":"(anonymous_5)","decl":{"start":{"line":72,"column":30},"end":{"line":72,"column":31}},"loc":{"start":{"line":72,"column":85},"end":{"line":74,"column":1}},"line":72},"6":{"name":"convertCircumference","decl":{"start":{"line":82,"column":16},"end":{"line":82,"column":36}},"loc":{"start":{"line":82,"column":82},"end":{"line":88,"column":1}},"line":82},"7":{"name":"getCircumferenceUnit","decl":{"start":{"line":95,"column":16},"end":{"line":95,"column":36}},"loc":{"start":{"line":95,"column":71},"end":{"line":97,"column":1}},"line":95}},"branchMap":{"0":{"loc":{"start":{"line":34,"column":2},"end":{"line":34,"column":52}},"type":"if","locations":[{"start":{"line":34,"column":2},"end":{"line":34,"column":52}},{"start":{},"end":{}}],"line":34},"1":{"loc":{"start":{"line":36,"column":2},"end":{"line":40,"column":3}},"type":"if","locations":[{"start":{"line":36,"column":2},"end":{"line":40,"column":3}},{"start":{"line":38,"column":9},"end":{"line":40,"column":3}}],"line":36},"2":{"loc":{"start":{"line":36,"column":6},"end":{"line":36,"column":43}},"type":"binary-expr","locations":[{"start":{"line":36,"column":6},"end":{"line":36,"column":24}},{"start":{"line":36,"column":28},"end":{"line":36,"column":43}}],"line":36},"3":{"loc":{"start":{"line":38,"column":9},"end":{"line":40,"column":3}},"type":"if","locations":[{"start":{"line":38,"column":9},"end":{"line":40,"column":3}},{"start":{},"end":{}}],"line":38},"4":{"loc":{"start":{"line":38,"column":13},"end":{"line":38,"column":50}},"type":"binary-expr","locations":[{"start":{"line":38,"column":13},"end":{"line":38,"column":30}},{"start":{"line":38,"column":34},"end":{"line":38,"column":50}}],"line":38},"5":{"loc":{"start":{"line":52,"column":65},"end":{"line":52,"column":85}},"type":"default-arg","locations":[{"start":{"line":52,"column":84},"end":{"line":52,"column":85}}],"line":52},"6":{"loc":{"start":{"line":84,"column":2},"end":{"line":86,"column":3}},"type":"if","locations":[{"start":{"line":84,"column":2},"end":{"line":86,"column":3}},{"start":{},"end":{}}],"line":84},"7":{"loc":{"start":{"line":96,"column":9},"end":{"line":96,"column":43}},"type":"cond-expr","locations":[{"start":{"line":96,"column":32},"end":{"line":96,"column":36}},{"start":{"line":96,"column":39},"end":{"line":96,"column":43}}],"line":96}},"s":{"0":1,"1":14,"2":1,"3":14,"4":23,"5":8,"6":15,"7":8,"8":7,"9":7,"10":0,"11":1,"12":8,"13":1,"14":6,"15":1,"16":6,"17":5,"18":2,"19":3,"20":2},"f":{"0":14,"1":14,"2":23,"3":8,"4":6,"5":6,"6":5,"7":2},"b":{"0":[8,15],"1":[8,7],"2":[15,8],"3":[7,0],"4":[7,7],"5":[8],"6":[2,3],"7":[1,1]},"_coverageSchema":"1a1c01bbd47fc00a2c39e90264f33305004495a9","hash":"3bd48539fa55ec8e98730689ba419810fffd9a32"}
}
