TN:
SF:lib/config.ts
FN:11,(anonymous_0)
FN:20,(anonymous_1)
FN:74,(anonymous_2)
FNF:3
FNH:0
FNDA:0,(anonymous_0)
FNDA:0,(anonymous_1)
FNDA:0,(anonymous_2)
DA:11,0
DA:12,0
DA:13,0
DA:14,0
DA:16,0
DA:20,0
DA:21,0
DA:27,0
DA:35,0
DA:44,0
DA:54,0
DA:64,0
DA:74,0
DA:75,0
DA:77,0
DA:78,0
DA:81,0
DA:82,0
DA:85,0
DA:86,0
DA:89,0
DA:90,0
DA:91,0
DA:92,0
DA:97,0
DA:98,0
LF:26
LH:0
BRDA:12,0,0,0
BRDA:12,0,1,0
BRDA:12,0,2,0
BRDA:13,1,0,0
BRDA:13,1,1,0
BRDA:21,2,0,0
BRDA:21,2,1,0
BRDA:21,2,2,0
BRDA:57,3,0,0
BRDA:57,3,1,0
BRDA:65,4,0,0
BRDA:65,4,1,0
BRDA:67,5,0,0
BRDA:67,5,1,0
BRDA:77,6,0,0
BRDA:77,6,1,0
BRDA:81,7,0,0
BRDA:81,7,1,0
BRDA:85,8,0,0
BRDA:85,8,1,0
BRDA:89,9,0,0
BRDA:89,9,1,0
BRDA:97,10,0,0
BRDA:97,10,1,0
BRF:24
BRH:0
end_of_record
TN:
SF:lib/notifications.ts
FN:5,(anonymous_0)
FN:14,requestNotificationPermissions
FN:30,scheduleTrainingNotification
FN:84,cancelNotification
FN:96,cancelAllTrainingNotifications
FNF:5
FNH:0
FNDA:0,(anonymous_0)
FNDA:0,requestNotificationPermissions
FNDA:0,scheduleTrainingNotification
FNDA:0,cancelNotification
FNDA:0,cancelAllTrainingNotifications
DA:4,0
DA:5,0
DA:15,0
DA:16,0
DA:19,0
DA:20,0
DA:22,0
DA:23,0
DA:24,0
DA:27,0
DA:37,0
DA:39,0
DA:40,0
DA:43,0
DA:46,0
DA:49,0
DA:50,0
DA:53,0
DA:54,0
DA:55,0
DA:58,0
DA:74,0
DA:77,0
DA:79,0
DA:80,0
DA:85,0
DA:86,0
DA:89,0
DA:90,0
DA:92,0
DA:97,0
DA:98,0
DA:101,0
DA:102,0
DA:104,0
LF:35
LH:0
BRDA:15,0,0,0
BRDA:15,0,1,0
BRDA:22,1,0,0
BRDA:22,1,1,0
BRDA:35,2,0,0
BRDA:53,3,0,0
BRDA:53,3,1,0
BRDA:62,4,0,0
BRDA:62,4,1,0
BRDA:85,5,0,0
BRDA:85,5,1,0
BRDA:97,6,0,0
BRDA:97,6,1,0
BRF:13
BRH:0
end_of_record
TN:
SF:lib/revenueCat.ts
FN:27,(anonymous_0)
FN:60,(anonymous_1)
FN:78,(anonymous_2)
FN:91,(anonymous_3)
FN:128,(anonymous_4)
FN:154,(anonymous_5)
FN:165,(anonymous_6)
FN:176,(anonymous_7)
FN:184,(anonymous_8)
FNF:9
FNH:0
FNDA:0,(anonymous_0)
FNDA:0,(anonymous_1)
FNDA:0,(anonymous_2)
FNDA:0,(anonymous_3)
FNDA:0,(anonymous_4)
FNDA:0,(anonymous_5)
FNDA:0,(anonymous_6)
FNDA:0,(anonymous_7)
FNDA:0,(anonymous_8)
DA:10,0
DA:16,0
DA:19,0
DA:27,0
DA:28,0
DA:29,0
DA:33,0
DA:34,0
DA:35,0
DA:39,0
DA:42,0
DA:47,0
DA:48,0
DA:51,0
DA:53,0
DA:60,0
DA:64,0
DA:65,0
DA:66,0
DA:68,0
DA:70,0
DA:71,0
DA:78,0
DA:79,0
DA:80,0
DA:81,0
DA:83,0
DA:84,0
DA:91,0
DA:98,0
DA:99,0
DA:101,0
DA:103,0
DA:108,0
DA:111,0
DA:112,0
DA:118,0
DA:128,0
DA:133,0
DA:134,0
DA:135,0
DA:137,0
DA:142,0
DA:143,0
DA:154,0
DA:155,0
DA:156,0
DA:158,0
DA:165,0
DA:166,0
DA:167,0
DA:169,0
DA:176,0
DA:177,0
DA:178,0
DA:184,0
DA:185,0
DA:186,0
DA:188,0
LF:59
LH:0
BRDA:11,0,0,0
BRDA:11,0,1,0
BRDA:12,1,0,0
BRDA:12,1,1,0
BRDA:29,2,0,0
BRDA:29,2,1,0
BRDA:33,3,0,0
BRDA:33,3,1,0
BRDA:47,4,0,0
BRDA:47,4,1,0
BRDA:111,5,0,0
BRDA:111,5,1,0
BRDA:120,6,0,0
BRDA:120,6,1,0
BRDA:146,7,0,0
BRDA:146,7,1,0
BRDA:185,8,0,0
BRDA:185,8,1,0
BRF:18
BRH:0
end_of_record
TN:
SF:lib/supabase.ts
FNF:0
FNH:0
DA:20,0
DA:21,0
DA:24,0
DA:25,0
DA:40,0
LF:5
LH:0
BRDA:20,0,0,0
BRDA:20,0,1,0
BRDA:21,1,0,0
BRDA:21,1,1,0
BRDA:24,2,0,0
BRDA:24,2,1,0
BRDA:24,3,0,0
BRDA:24,3,1,0
BRF:8
BRH:0
end_of_record
TN:
SF:lib/useResponsive.ts
FN:17,getBreakpoint
FN:21,getColumns
FN:25,useResponsive
FN:26,(anonymous_3)
FN:28,(anonymous_4)
FN:29,(anonymous_5)
FN:33,(anonymous_6)
FN:50,getResponsivePadding
FN:55,getResponsiveFontSize
FNF:9
FNH:0
FNDA:0,getBreakpoint
FNDA:0,getColumns
FNDA:0,useResponsive
FNDA:0,(anonymous_3)
FNDA:0,(anonymous_4)
FNDA:0,(anonymous_5)
FNDA:0,(anonymous_6)
FNDA:0,getResponsivePadding
FNDA:0,getResponsiveFontSize
DA:15,0
DA:18,0
DA:22,0
DA:26,0
DA:28,0
DA:29,0
DA:30,0
DA:33,0
DA:36,0
DA:37,0
DA:39,0
DA:51,0
DA:56,0
DA:57,0
LF:14
LH:0
BRDA:18,0,0,0
BRDA:18,0,1,0
BRDA:22,1,0,0
BRDA:22,1,1,0
BRDA:51,2,0,0
BRDA:51,2,1,0
BRDA:56,3,0,0
BRDA:56,3,1,0
BRF:8
BRH:0
end_of_record
TN:
SF:lib/validation.ts
FN:29,validateWorkout
FN:88,validateExercise
FN:141,validateCycle
FN:203,validateGoal
FN:256,validateStrengthTest
FN:305,validateAvatarUpload
FN:342,getFirstError
FN:349,getAllErrors
FN:350,(anonymous_8)
FNF:9
FNH:9
FNDA:18,validateWorkout
FNDA:7,validateExercise
FNDA:10,validateCycle
FNDA:5,validateGoal
FNDA:11,validateStrengthTest
FNDA:8,validateAvatarUpload
FNDA:2,getFirstError
FNDA:2,getAllErrors
FNDA:3,(anonymous_8)
DA:30,18
DA:33,18
DA:42,18
DA:43,3
DA:44,15
DA:45,0
DA:46,15
DA:47,1
DA:51,18
DA:52,0
DA:53,18
DA:54,3
DA:55,15
DA:56,1
DA:60,18
DA:61,0
DA:62,18
DA:63,4
DA:67,18
DA:68,1
DA:71,18
DA:89,7
DA:92,7
DA:93,1
DA:94,6
DA:95,0
DA:99,7
DA:100,0
DA:101,7
DA:102,2
DA:106,7
DA:107,0
DA:108,7
DA:109,0
DA:113,7
DA:114,0
DA:115,7
DA:116,2
DA:120,7
DA:121,0
DA:124,7
DA:142,10
DA:145,10
DA:146,0
DA:147,10
DA:148,0
DA:152,10
DA:161,10
DA:162,1
DA:166,10
DA:167,10
DA:169,10
DA:170,1
DA:173,10
DA:174,0
DA:177,10
DA:178,1
DA:182,10
DA:183,0
DA:186,10
DA:204,5
DA:207,5
DA:208,0
DA:209,5
DA:210,0
DA:214,5
DA:215,0
DA:216,5
DA:217,2
DA:221,5
DA:222,0
DA:223,5
DA:224,0
DA:228,5
DA:229,2
DA:230,2
DA:231,1
DA:236,5
DA:237,0
DA:240,5
DA:257,11
DA:260,11
DA:270,11
DA:271,1
DA:275,11
DA:276,0
DA:277,11
DA:278,0
DA:282,11
DA:283,0
DA:287,11
DA:288,0
DA:291,11
DA:306,8
DA:309,8
DA:310,8
DA:311,1
DA:318,8
DA:326,8
DA:327,1
DA:333,8
DA:343,2
DA:350,3
LF:103
LH:80
BRDA:42,0,0,3
BRDA:42,0,1,15
BRDA:42,1,0,18
BRDA:42,1,1,15
BRDA:44,2,0,0
BRDA:44,2,1,15
BRDA:46,3,0,1
BRDA:46,3,1,14
BRDA:51,4,0,0
BRDA:51,4,1,18
BRDA:51,5,0,18
BRDA:51,5,1,18
BRDA:53,6,0,3
BRDA:53,6,1,15
BRDA:55,7,0,1
BRDA:55,7,1,14
BRDA:60,8,0,0
BRDA:60,8,1,18
BRDA:60,9,0,18
BRDA:60,9,1,18
BRDA:62,10,0,4
BRDA:62,10,1,14
BRDA:62,11,0,18
BRDA:62,11,1,17
BRDA:67,12,0,1
BRDA:67,12,1,17
BRDA:67,13,0,18
BRDA:67,13,1,2
BRDA:92,14,0,1
BRDA:92,14,1,6
BRDA:92,15,0,7
BRDA:92,15,1,6
BRDA:94,16,0,0
BRDA:94,16,1,6
BRDA:99,17,0,0
BRDA:99,17,1,7
BRDA:99,18,0,7
BRDA:99,18,1,7
BRDA:101,19,0,2
BRDA:101,19,1,5
BRDA:101,20,0,7
BRDA:101,20,1,6
BRDA:106,21,0,0
BRDA:106,21,1,7
BRDA:106,22,0,7
BRDA:106,22,1,7
BRDA:108,23,0,0
BRDA:108,23,1,7
BRDA:108,24,0,7
BRDA:108,24,1,7
BRDA:113,25,0,0
BRDA:113,25,1,7
BRDA:113,26,0,7
BRDA:113,26,1,7
BRDA:115,27,0,2
BRDA:115,27,1,5
BRDA:115,28,0,7
BRDA:115,28,1,6
BRDA:120,29,0,0
BRDA:120,29,1,7
BRDA:120,30,0,7
BRDA:120,30,1,0
BRDA:145,31,0,0
BRDA:145,31,1,10
BRDA:145,32,0,10
BRDA:145,32,1,10
BRDA:147,33,0,0
BRDA:147,33,1,10
BRDA:161,34,0,1
BRDA:161,34,1,9
BRDA:161,35,0,10
BRDA:161,35,1,10
BRDA:169,36,0,1
BRDA:169,36,1,9
BRDA:173,37,0,0
BRDA:173,37,1,10
BRDA:177,38,0,1
BRDA:177,38,1,9
BRDA:182,39,0,0
BRDA:182,39,1,10
BRDA:182,40,0,10
BRDA:182,40,1,1
BRDA:207,41,0,0
BRDA:207,41,1,5
BRDA:207,42,0,5
BRDA:207,42,1,5
BRDA:209,43,0,0
BRDA:209,43,1,5
BRDA:214,44,0,0
BRDA:214,44,1,5
BRDA:214,45,0,5
BRDA:214,45,1,5
BRDA:216,46,0,2
BRDA:216,46,1,3
BRDA:216,47,0,5
BRDA:216,47,1,4
BRDA:221,48,0,0
BRDA:221,48,1,5
BRDA:221,49,0,5
BRDA:221,49,1,5
BRDA:223,50,0,0
BRDA:223,50,1,5
BRDA:223,51,0,5
BRDA:223,51,1,5
BRDA:228,52,0,2
BRDA:228,52,1,3
BRDA:230,53,0,1
BRDA:230,53,1,1
BRDA:236,54,0,0
BRDA:236,54,1,5
BRDA:236,55,0,5
BRDA:236,55,1,1
BRDA:270,56,0,1
BRDA:270,56,1,10
BRDA:270,57,0,11
BRDA:270,57,1,11
BRDA:275,58,0,0
BRDA:275,58,1,11
BRDA:275,59,0,11
BRDA:275,59,1,11
BRDA:277,60,0,0
BRDA:277,60,1,11
BRDA:277,61,0,11
BRDA:277,61,1,11
BRDA:282,62,0,0
BRDA:282,62,1,11
BRDA:282,63,0,11
BRDA:282,63,1,11
BRDA:282,63,2,10
BRDA:287,64,0,0
BRDA:287,64,1,11
BRDA:287,65,0,11
BRDA:287,65,1,1
BRDA:310,66,0,1
BRDA:310,66,1,7
BRDA:326,67,0,1
BRDA:326,67,1,7
BRDA:343,68,0,1
BRDA:343,68,1,1
BRF:139
BRH:115
end_of_record
TN:
SF:lib/weightUtils.ts
FN:13,(anonymous_0)
FN:22,(anonymous_1)
FN:33,convertWeight
FN:52,(anonymous_3)
FN:62,(anonymous_4)
FN:72,(anonymous_5)
FN:82,convertCircumference
FN:95,getCircumferenceUnit
FNF:8
FNH:8
FNDA:14,(anonymous_0)
FNDA:14,(anonymous_1)
FNDA:23,convertWeight
FNDA:8,(anonymous_3)
FNDA:6,(anonymous_4)
FNDA:6,(anonymous_5)
FNDA:5,convertCircumference
FNDA:2,getCircumferenceUnit
DA:13,1
DA:14,14
DA:22,1
DA:23,14
DA:34,23
DA:36,15
DA:37,8
DA:38,7
DA:39,7
DA:42,0
DA:52,1
DA:53,8
DA:62,1
DA:63,6
DA:72,1
DA:73,6
DA:84,5
DA:85,2
DA:87,3
DA:96,2
LF:20
LH:19
BRDA:34,0,0,8
BRDA:34,0,1,15
BRDA:36,1,0,8
BRDA:36,1,1,7
BRDA:36,2,0,15
BRDA:36,2,1,8
BRDA:38,3,0,7
BRDA:38,3,1,0
BRDA:38,4,0,7
BRDA:38,4,1,7
BRDA:52,5,0,8
BRDA:84,6,0,2
BRDA:84,6,1,3
BRDA:96,7,0,1
BRDA:96,7,1,1
BRF:15
BRH:14
end_of_record
